#
# There is insufficient memory for the Java Runtime Environment to continue.
# Native memory allocation (malloc) failed to allocate 723376 bytes for Chunk::new
# Possible reasons:
#   The system is out of physical RAM or swap space
#   The process is running with CompressedOops enabled, and the Java Heap may be blocking the growth of the native heap
# Possible solutions:
#   Reduce memory load on the system
#   Increase physical memory or swap space
#   Check if swap backing store is full
#   Decrease Java heap size (-Xmx/-Xms)
#   Decrease number of Java threads
#   Decrease Java thread stack sizes (-Xss)
#   Set larger code cache with -XX:ReservedCodeCacheSize=
#   JVM is running with Unscaled Compressed Oops mode in which the Java heap is
#     placed in the first 4GB address space. The Java Heap base address is the
#     maximum limit for the native heap growth. Please use -XX:HeapBaseMinAddress
#     to set the Java Heap base and to place the Java Heap above 4GB virtual address.
# This output file may be truncated or incomplete.
#
#  Out of Memory Error (arena.cpp:189), pid=4888, tid=22780
#
# JRE version: Java(TM) SE Runtime Environment (17.0.10+11) (build 17.0.10+11-LTS-240)
# Java VM: Java HotSpot(TM) 64-Bit Server VM (17.0.10+11-LTS-240, mixed mode, sharing, tiered, compressed oops, compressed class ptrs, g1 gc, windows-amd64)
# No core dump will be written. Minidumps are not enabled by default on client versions of Windows
#

---------------  S U M M A R Y ------------

Command Line: -Xmx64m -Xms64m -Dorg.gradle.appname=gradlew org.gradle.wrapper.GradleWrapperMain app:assembleDebug -x lint -x test --configure-on-demand --build-cache -PreactNativeDevServerPort=8081

Host: Intel(R) Core(TM) i5-9300H CPU @ 2.40GHz, 8 cores, 7G,  Windows 10 , 64 bit Build 19041 (10.0.19041.3636)
Time: Wed May  8 01:52:37 2024 Malay Peninsula Standard Time elapsed time: 278.505831 seconds (0d 0h 4m 38s)

---------------  T H R E A D  ---------------

Current thread (0x00000202495d9c60):  JavaThread "C2 CompilerThread0" daemon [_thread_in_native, id=22780, stack(0x000000693e400000,0x000000693e500000)]


Current CompileTask:
C2: 278506 1826       4       org.fusesource.jansi.Ansi::flushAttributes (94 bytes)

Stack: [0x000000693e400000,0x000000693e500000]
Native frames: (J=compiled Java code, j=interpreted, Vv=VM code, C=native code)
V  [jvm.dll+0x677a5a]
V  [jvm.dll+0x7d8b2d]
V  [jvm.dll+0x7da48e]
V  [jvm.dll+0x7daaf3]
V  [jvm.dll+0x2455ff]
V  [jvm.dll+0xaaafb]
V  [jvm.dll+0xab09c]
V  [jvm.dll+0x361b5f]
V  [jvm.dll+0x32c211]
V  [jvm.dll+0x32b6aa]
V  [jvm.dll+0x21794f]
V  [jvm.dll+0x216d81]
V  [jvm.dll+0x1a3410]
V  [jvm.dll+0x226aeb]
V  [jvm.dll+0x224cab]
V  [jvm.dll+0x78e45c]
V  [jvm.dll+0x78888a]
V  [jvm.dll+0x676935]
C  [ucrtbase.dll+0x21bb2]
C  [KERNEL32.DLL+0x17344]
C  [ntdll.dll+0x526b1]


---------------  P R O C E S S  ---------------

Threads class SMR info:
_java_thread_list=0x00000202498863e0, length=15, elements={
0x000002022deba350, 0x00000202495be100, 0x00000202495befd0, 0x00000202495d5430,
0x00000202495d7e10, 0x00000202495d86e0, 0x00000202495d8fb0, 0x00000202495d9c60,
0x000002024963b2a0, 0x00000202496513b0, 0x0000020249813760, 0x0000020249822320,
0x000002028f4c0640, 0x000002028f9a2080, 0x000002028f9a2930
}

Java Threads: ( => current thread )
  0x000002022deba350 JavaThread "main" [_thread_in_native, id=1392, stack(0x000000693d700000,0x000000693d800000)]
  0x00000202495be100 JavaThread "Reference Handler" daemon [_thread_blocked, id=12920, stack(0x000000693de00000,0x000000693df00000)]
  0x00000202495befd0 JavaThread "Finalizer" daemon [_thread_blocked, id=18384, stack(0x000000693df00000,0x000000693e000000)]
  0x00000202495d5430 JavaThread "Signal Dispatcher" daemon [_thread_blocked, id=13956, stack(0x000000693e000000,0x000000693e100000)]
  0x00000202495d7e10 JavaThread "Attach Listener" daemon [_thread_blocked, id=17780, stack(0x000000693e100000,0x000000693e200000)]
  0x00000202495d86e0 JavaThread "Service Thread" daemon [_thread_blocked, id=2732, stack(0x000000693e200000,0x000000693e300000)]
  0x00000202495d8fb0 JavaThread "Monitor Deflation Thread" daemon [_thread_blocked, id=6400, stack(0x000000693e300000,0x000000693e400000)]
=>0x00000202495d9c60 JavaThread "C2 CompilerThread0" daemon [_thread_in_native, id=22780, stack(0x000000693e400000,0x000000693e500000)]
  0x000002024963b2a0 JavaThread "C1 CompilerThread0" daemon [_thread_blocked, id=7512, stack(0x000000693e500000,0x000000693e600000)]
  0x00000202496513b0 JavaThread "Sweeper thread" daemon [_thread_blocked, id=8360, stack(0x000000693e600000,0x000000693e700000)]
  0x0000020249813760 JavaThread "Notification Thread" daemon [_thread_blocked, id=7072, stack(0x000000693e700000,0x000000693e800000)]
  0x0000020249822320 JavaThread "Common-Cleaner" daemon [_thread_blocked, id=16724, stack(0x000000693e900000,0x000000693ea00000)]
  0x000002028f4c0640 JavaThread "pool-1-thread-1" [_thread_blocked, id=14988, stack(0x000000693ea00000,0x000000693eb00000)]
  0x000002028f9a2080 JavaThread "DisconnectableInputStream source reader" daemon [_thread_in_native, id=20140, stack(0x000000693f000000,0x000000693f100000)]
  0x000002028f9a2930 JavaThread "Forward input" [_thread_blocked, id=18452, stack(0x000000693f100000,0x000000693f200000)]

Other Threads:
  0x00000202495b7d10 VMThread "VM Thread" [stack: 0x000000693dd00000,0x000000693de00000] [id=6232]
  0x0000020249815c50 WatcherThread [stack: 0x000000693e800000,0x000000693e900000] [id=21768]
  0x000002022dedbce0 GCTaskThread "GC Thread#0" [stack: 0x000000693d800000,0x000000693d900000] [id=23376]
  0x000002028f7e3cd0 GCTaskThread "GC Thread#1" [stack: 0x000000693eb00000,0x000000693ec00000] [id=10412]
  0x000002028f45d230 GCTaskThread "GC Thread#2" [stack: 0x000000693ec00000,0x000000693ed00000] [id=9720]
  0x000002028f4cfbc0 GCTaskThread "GC Thread#3" [stack: 0x000000693ed00000,0x000000693ee00000] [id=12188]
  0x000002028f6c7b80 GCTaskThread "GC Thread#4" [stack: 0x000000693ee00000,0x000000693ef00000] [id=11360]
  0x000002022dedd340 ConcurrentGCThread "G1 Main Marker" [stack: 0x000000693d900000,0x000000693da00000] [id=12008]
  0x000002022deddc60 ConcurrentGCThread "G1 Conc#0" [stack: 0x000000693da00000,0x000000693db00000] [id=22904]
  0x000002022df3f540 ConcurrentGCThread "G1 Refine#0" [stack: 0x000000693db00000,0x000000693dc00000] [id=14680]
  0x000002022df3fe80 ConcurrentGCThread "G1 Service" [stack: 0x000000693dc00000,0x000000693dd00000] [id=7808]

Threads with active compile tasks:
C2 CompilerThread0   278565 1826       4       org.fusesource.jansi.Ansi::flushAttributes (94 bytes)

VM state: not at safepoint (normal execution)

VM Mutex/Monitor currently owned by a thread: None

Heap address: 0x00000000fc000000, size: 64 MB, Compressed Oops mode: 32-bit

CDS archive(s) mapped at: [0x000002024a000000-0x000002024abd0000-0x000002024abd0000), size 12386304, SharedBaseAddress: 0x000002024a000000, ArchiveRelocationMode: 1.
Compressed class space mapped at: 0x000002024b000000-0x000002028b000000, reserved size: 1073741824
Narrow klass base: 0x000002024a000000, Narrow klass shift: 0, Narrow klass range: 0x100000000

GC Precious Log:
 CPUs: 8 total, 8 available
 Memory: 7973M
 Large Page Support: Disabled
 NUMA Support: Disabled
 Compressed Oops: Enabled (32-bit)
 Heap Region Size: 1M
 Heap Min Capacity: 64M
 Heap Initial Capacity: 64M
 Heap Max Capacity: 64M
 Pre-touch: Disabled
 Parallel Workers: 8
 Concurrent Workers: 2
 Concurrent Refinement Workers: 8
 Periodic GC: Disabled

Heap:
 garbage-first heap   total 65536K, used 31744K [0x00000000fc000000, 0x0000000100000000)
  region size 1024K, 25 young (25600K), 3 survivors (3072K)
 Metaspace       used 9115K, committed 9280K, reserved 1114112K
  class space    used 1183K, committed 1280K, reserved 1048576K

Heap Regions: E=young(eden), S=young(survivor), O=old, HS=humongous(starts), HC=humongous(continues), CS=collection set, F=free, OA=open archive, CA=closed archive, TAMS=top-at-mark-start (previous, next)
|   0|0x00000000fc000000, 0x00000000fc100000, 0x00000000fc100000|100%|HS|  |TAMS 0x00000000fc000000, 0x00000000fc000000| Complete 
|   1|0x00000000fc100000, 0x00000000fc200000, 0x00000000fc200000|100%|HC|  |TAMS 0x00000000fc100000, 0x00000000fc100000| Complete 
|   2|0x00000000fc200000, 0x00000000fc300000, 0x00000000fc300000|100%|HC|  |TAMS 0x00000000fc200000, 0x00000000fc200000| Complete 
|   3|0x00000000fc300000, 0x00000000fc400000, 0x00000000fc400000|100%|HC|  |TAMS 0x00000000fc300000, 0x00000000fc300000| Complete 
|   4|0x00000000fc400000, 0x00000000fc500000, 0x00000000fc500000|100%| O|  |TAMS 0x00000000fc400000, 0x00000000fc400000| Untracked 
|   5|0x00000000fc500000, 0x00000000fc600000, 0x00000000fc600000|100%| O|  |TAMS 0x00000000fc500000, 0x00000000fc500000| Untracked 
|   6|0x00000000fc600000, 0x00000000fc700000, 0x00000000fc700000|100%| O|  |TAMS 0x00000000fc600000, 0x00000000fc600000| Untracked 
|   7|0x00000000fc700000, 0x00000000fc700000, 0x00000000fc800000|  0%| F|  |TAMS 0x00000000fc700000, 0x00000000fc700000| Untracked 
|   8|0x00000000fc800000, 0x00000000fc800000, 0x00000000fc900000|  0%| F|  |TAMS 0x00000000fc800000, 0x00000000fc800000| Untracked 
|   9|0x00000000fc900000, 0x00000000fc900000, 0x00000000fca00000|  0%| F|  |TAMS 0x00000000fc900000, 0x00000000fc900000| Untracked 
|  10|0x00000000fca00000, 0x00000000fca00000, 0x00000000fcb00000|  0%| F|  |TAMS 0x00000000fca00000, 0x00000000fca00000| Untracked 
|  11|0x00000000fcb00000, 0x00000000fcb00000, 0x00000000fcc00000|  0%| F|  |TAMS 0x00000000fcb00000, 0x00000000fcb00000| Untracked 
|  12|0x00000000fcc00000, 0x00000000fcc00000, 0x00000000fcd00000|  0%| F|  |TAMS 0x00000000fcc00000, 0x00000000fcc00000| Untracked 
|  13|0x00000000fcd00000, 0x00000000fcd00000, 0x00000000fce00000|  0%| F|  |TAMS 0x00000000fcd00000, 0x00000000fcd00000| Untracked 
|  14|0x00000000fce00000, 0x00000000fce00000, 0x00000000fcf00000|  0%| F|  |TAMS 0x00000000fce00000, 0x00000000fce00000| Untracked 
|  15|0x00000000fcf00000, 0x00000000fcf00000, 0x00000000fd000000|  0%| F|  |TAMS 0x00000000fcf00000, 0x00000000fcf00000| Untracked 
|  16|0x00000000fd000000, 0x00000000fd000000, 0x00000000fd100000|  0%| F|  |TAMS 0x00000000fd000000, 0x00000000fd000000| Untracked 
|  17|0x00000000fd100000, 0x00000000fd100000, 0x00000000fd200000|  0%| F|  |TAMS 0x00000000fd100000, 0x00000000fd100000| Untracked 
|  18|0x00000000fd200000, 0x00000000fd200000, 0x00000000fd300000|  0%| F|  |TAMS 0x00000000fd200000, 0x00000000fd200000| Untracked 
|  19|0x00000000fd300000, 0x00000000fd300000, 0x00000000fd400000|  0%| F|  |TAMS 0x00000000fd300000, 0x00000000fd300000| Untracked 
|  20|0x00000000fd400000, 0x00000000fd400000, 0x00000000fd500000|  0%| F|  |TAMS 0x00000000fd400000, 0x00000000fd400000| Untracked 
|  21|0x00000000fd500000, 0x00000000fd500000, 0x00000000fd600000|  0%| F|  |TAMS 0x00000000fd500000, 0x00000000fd500000| Untracked 
|  22|0x00000000fd600000, 0x00000000fd600000, 0x00000000fd700000|  0%| F|  |TAMS 0x00000000fd600000, 0x00000000fd600000| Untracked 
|  23|0x00000000fd700000, 0x00000000fd700000, 0x00000000fd800000|  0%| F|  |TAMS 0x00000000fd700000, 0x00000000fd700000| Untracked 
|  24|0x00000000fd800000, 0x00000000fd800000, 0x00000000fd900000|  0%| F|  |TAMS 0x00000000fd800000, 0x00000000fd800000| Untracked 
|  25|0x00000000fd900000, 0x00000000fd900000, 0x00000000fda00000|  0%| F|  |TAMS 0x00000000fd900000, 0x00000000fd900000| Untracked 
|  26|0x00000000fda00000, 0x00000000fda00000, 0x00000000fdb00000|  0%| F|  |TAMS 0x00000000fda00000, 0x00000000fda00000| Untracked 
|  27|0x00000000fdb00000, 0x00000000fdb00000, 0x00000000fdc00000|  0%| F|  |TAMS 0x00000000fdb00000, 0x00000000fdb00000| Untracked 
|  28|0x00000000fdc00000, 0x00000000fdc00000, 0x00000000fdd00000|  0%| F|  |TAMS 0x00000000fdc00000, 0x00000000fdc00000| Untracked 
|  29|0x00000000fdd00000, 0x00000000fdd00000, 0x00000000fde00000|  0%| F|  |TAMS 0x00000000fdd00000, 0x00000000fdd00000| Untracked 
|  30|0x00000000fde00000, 0x00000000fde00000, 0x00000000fdf00000|  0%| F|  |TAMS 0x00000000fde00000, 0x00000000fde00000| Untracked 
|  31|0x00000000fdf00000, 0x00000000fdf00000, 0x00000000fe000000|  0%| F|  |TAMS 0x00000000fdf00000, 0x00000000fdf00000| Untracked 
|  32|0x00000000fe000000, 0x00000000fe000000, 0x00000000fe100000|  0%| F|  |TAMS 0x00000000fe000000, 0x00000000fe000000| Untracked 
|  33|0x00000000fe100000, 0x00000000fe100000, 0x00000000fe200000|  0%| F|  |TAMS 0x00000000fe100000, 0x00000000fe100000| Untracked 
|  34|0x00000000fe200000, 0x00000000fe200000, 0x00000000fe300000|  0%| F|  |TAMS 0x00000000fe200000, 0x00000000fe200000| Untracked 
|  35|0x00000000fe300000, 0x00000000fe300000, 0x00000000fe400000|  0%| F|  |TAMS 0x00000000fe300000, 0x00000000fe300000| Untracked 
|  36|0x00000000fe400000, 0x00000000fe400000, 0x00000000fe500000|  0%| F|  |TAMS 0x00000000fe400000, 0x00000000fe400000| Untracked 
|  37|0x00000000fe500000, 0x00000000fe500000, 0x00000000fe600000|  0%| F|  |TAMS 0x00000000fe500000, 0x00000000fe500000| Untracked 
|  38|0x00000000fe600000, 0x00000000fe700000, 0x00000000fe700000|100%| S|CS|TAMS 0x00000000fe600000, 0x00000000fe600000| Complete 
|  39|0x00000000fe700000, 0x00000000fe800000, 0x00000000fe800000|100%| S|CS|TAMS 0x00000000fe700000, 0x00000000fe700000| Complete 
|  40|0x00000000fe800000, 0x00000000fe900000, 0x00000000fe900000|100%| S|CS|TAMS 0x00000000fe800000, 0x00000000fe800000| Complete 
|  41|0x00000000fe900000, 0x00000000fe900000, 0x00000000fea00000|  0%| F|  |TAMS 0x00000000fe900000, 0x00000000fe900000| Untracked 
|  42|0x00000000fea00000, 0x00000000feb00000, 0x00000000feb00000|100%| E|  |TAMS 0x00000000fea00000, 0x00000000fea00000| Complete 
|  43|0x00000000feb00000, 0x00000000fec00000, 0x00000000fec00000|100%| E|CS|TAMS 0x00000000feb00000, 0x00000000feb00000| Complete 
|  44|0x00000000fec00000, 0x00000000fed00000, 0x00000000fed00000|100%| E|CS|TAMS 0x00000000fec00000, 0x00000000fec00000| Complete 
|  45|0x00000000fed00000, 0x00000000fee00000, 0x00000000fee00000|100%| E|CS|TAMS 0x00000000fed00000, 0x00000000fed00000| Complete 
|  46|0x00000000fee00000, 0x00000000fef00000, 0x00000000fef00000|100%| E|CS|TAMS 0x00000000fee00000, 0x00000000fee00000| Complete 
|  47|0x00000000fef00000, 0x00000000ff000000, 0x00000000ff000000|100%| E|CS|TAMS 0x00000000fef00000, 0x00000000fef00000| Complete 
|  48|0x00000000ff000000, 0x00000000ff100000, 0x00000000ff100000|100%| E|CS|TAMS 0x00000000ff000000, 0x00000000ff000000| Complete 
|  49|0x00000000ff100000, 0x00000000ff200000, 0x00000000ff200000|100%| E|CS|TAMS 0x00000000ff100000, 0x00000000ff100000| Complete 
|  50|0x00000000ff200000, 0x00000000ff300000, 0x00000000ff300000|100%| E|CS|TAMS 0x00000000ff200000, 0x00000000ff200000| Complete 
|  51|0x00000000ff300000, 0x00000000ff400000, 0x00000000ff400000|100%| E|CS|TAMS 0x00000000ff300000, 0x00000000ff300000| Complete 
|  52|0x00000000ff400000, 0x00000000ff500000, 0x00000000ff500000|100%| E|CS|TAMS 0x00000000ff400000, 0x00000000ff400000| Complete 
|  53|0x00000000ff500000, 0x00000000ff600000, 0x00000000ff600000|100%| E|CS|TAMS 0x00000000ff500000, 0x00000000ff500000| Complete 
|  54|0x00000000ff600000, 0x00000000ff700000, 0x00000000ff700000|100%| E|CS|TAMS 0x00000000ff600000, 0x00000000ff600000| Complete 
|  55|0x00000000ff700000, 0x00000000ff800000, 0x00000000ff800000|100%| E|CS|TAMS 0x00000000ff700000, 0x00000000ff700000| Complete 
|  56|0x00000000ff800000, 0x00000000ff900000, 0x00000000ff900000|100%| E|CS|TAMS 0x00000000ff800000, 0x00000000ff800000| Complete 
|  57|0x00000000ff900000, 0x00000000ffa00000, 0x00000000ffa00000|100%| E|CS|TAMS 0x00000000ff900000, 0x00000000ff900000| Complete 
|  58|0x00000000ffa00000, 0x00000000ffb00000, 0x00000000ffb00000|100%| E|CS|TAMS 0x00000000ffa00000, 0x00000000ffa00000| Complete 
|  59|0x00000000ffb00000, 0x00000000ffc00000, 0x00000000ffc00000|100%| E|CS|TAMS 0x00000000ffb00000, 0x00000000ffb00000| Complete 
|  60|0x00000000ffc00000, 0x00000000ffd00000, 0x00000000ffd00000|100%| E|CS|TAMS 0x00000000ffc00000, 0x00000000ffc00000| Complete 
|  61|0x00000000ffd00000, 0x00000000ffe00000, 0x00000000ffe00000|100%| E|CS|TAMS 0x00000000ffd00000, 0x00000000ffd00000| Complete 
|  62|0x00000000ffe00000, 0x00000000fff00000, 0x00000000fff00000|100%| E|CS|TAMS 0x00000000ffe00000, 0x00000000ffe00000| Complete 
|  63|0x00000000fff00000, 0x0000000100000000, 0x0000000100000000|100%| E|CS|TAMS 0x00000000fff00000, 0x00000000fff00000| Complete 

Card table byte_map: [0x00000202469d0000,0x00000202469f0000] _byte_map_base: 0x00000202461f0000

Marking Bits (Prev, Next): (CMBitMap*) 0x000002022dedc210, (CMBitMap*) 0x000002022dedc250
 Prev Bits: [0x0000020246a10000, 0x0000020246b10000)
 Next Bits: [0x0000020246b10000, 0x0000020246c10000)

Polling page: 0x000002022df90000

Metaspace:

Usage:
  Non-class:      7.75 MB used.
      Class:      1.16 MB used.
       Both:      8.90 MB used.

Virtual space:
  Non-class space:       64.00 MB reserved,       7.81 MB ( 12%) committed,  1 nodes.
      Class space:        1.00 GB reserved,       1.25 MB ( <1%) committed,  1 nodes.
             Both:        1.06 GB reserved,       9.06 MB ( <1%) committed. 

Chunk freelists:
   Non-Class:  8.00 MB
       Class:  14.64 MB
        Both:  22.64 MB

MaxMetaspaceSize: unlimited
CompressedClassSpaceSize: 1.00 GB
Initial GC threshold: 21.00 MB
Current GC threshold: 21.00 MB
CDS: on
MetaspaceReclaimPolicy: balanced
 - commit_granule_bytes: 65536.
 - commit_granule_words: 8192.
 - virtual_space_node_default_size: 8388608.
 - enlarge_chunks_in_place: 1.
 - new_chunks_are_fully_committed: 0.
 - uncommit_free_chunks: 1.
 - use_allocation_guard: 0.
 - handle_deallocations: 1.


Internal statistics:

num_allocs_failed_limit: 0.
num_arena_births: 78.
num_arena_deaths: 0.
num_vsnodes_births: 2.
num_vsnodes_deaths: 0.
num_space_committed: 145.
num_space_uncommitted: 0.
num_chunks_returned_to_freelist: 0.
num_chunks_taken_from_freelist: 308.
num_chunk_merges: 0.
num_chunk_splits: 209.
num_chunks_enlarged: 180.
num_inconsistent_stats: 0.

CodeHeap 'non-profiled nmethods': size=120000Kb used=808Kb max_used=808Kb free=119191Kb
 bounds [0x000002023ea40000, 0x000002023ecb0000, 0x0000020245f70000]
CodeHeap 'profiled nmethods': size=120000Kb used=3482Kb max_used=3482Kb free=116517Kb
 bounds [0x0000020236f70000, 0x00000202372e0000, 0x000002023e4a0000]
CodeHeap 'non-nmethods': size=5760Kb used=1168Kb max_used=1242Kb free=4591Kb
 bounds [0x000002023e4a0000, 0x000002023e710000, 0x000002023ea40000]
 total_blobs=2290 nmethods=1825 adapters=378
 compilation: enabled
              stopped_count=0, restarted_count=0
 full_count=0

Compilation events (20 events):
Event: 278.328 Thread 0x00000202495d9c60 nmethod 1812 0x000002023eb06b90 code [0x000002023eb06da0, 0x000002023eb075f0]
Event: 278.328 Thread 0x000002024963b2a0 1820       3       org.gradle.internal.logging.text.AbstractLineChoppingStyledTextOutput$StateContext::<init> (79 bytes)
Event: 278.328 Thread 0x00000202495d9c60 1814       4       java.lang.StringCoding::implEncodeAsciiArray (47 bytes)
Event: 278.329 Thread 0x000002024963b2a0 nmethod 1820 0x00000202372d3e90 code [0x00000202372d4080, 0x00000202372d4588]
Event: 278.329 Thread 0x000002024963b2a0 1821       3       java.lang.System::checkKey (34 bytes)
Event: 278.332 Thread 0x000002024963b2a0 nmethod 1821 0x00000202372d4790 code [0x00000202372d4960, 0x00000202372d4d18]
Event: 278.332 Thread 0x000002024963b2a0 1822       3       org.gradle.internal.logging.text.AbstractStyledTextOutput::text (19 bytes)
Event: 278.333 Thread 0x000002024963b2a0 nmethod 1822 0x00000202372d4e90 code [0x00000202372d5040, 0x00000202372d5338]
Event: 278.333 Thread 0x000002024963b2a0 1823       3       java.util.Arrays::copyOf (19 bytes)
Event: 278.334 Thread 0x000002024963b2a0 nmethod 1823 0x00000202372d5490 code [0x00000202372d5640, 0x00000202372d5928]
Event: 278.334 Thread 0x000002024963b2a0 1824       3       org.gradle.internal.logging.text.AbstractLineChoppingStyledTextOutput$SeenFromEol::<init> (20 bytes)
Event: 278.334 Thread 0x000002024963b2a0 nmethod 1824 0x00000202372d5a90 code [0x00000202372d5c40, 0x00000202372d5e58]
Event: 278.337 Thread 0x00000202495d9c60 nmethod 1814 0x000002023eb07c90 code [0x000002023eb07e00, 0x000002023eb08218]
Event: 278.337 Thread 0x00000202495d9c60 1813       4       org.gradle.internal.logging.text.AbstractLineChoppingStyledTextOutput$1::execute (140 bytes)
Event: 278.350 Thread 0x00000202495d9c60 nmethod 1813 0x000002023eb08390 code [0x000002023eb085a0, 0x000002023eb08df0]
Event: 278.351 Thread 0x00000202495d9c60 1815       4       org.gradle.internal.logging.text.AbstractLineChoppingStyledTextOutput$2::execute (77 bytes)
Event: 278.363 Thread 0x00000202495d9c60 nmethod 1815 0x000002023eb09490 code [0x000002023eb09680, 0x000002023eb09cb0]
Event: 278.400 Thread 0x000002024963b2a0 1825       3       java.lang.System::getProperty (25 bytes)
Event: 278.405 Thread 0x000002024963b2a0 nmethod 1825 0x00000202372d5f10 code [0x00000202372d6120, 0x00000202372d6838]
Event: 278.409 Thread 0x00000202495d9c60 1826       4       org.fusesource.jansi.Ansi::flushAttributes (94 bytes)

GC Heap History (2 events):
Event: 4.444 GC heap before
{Heap before GC invocations=0 (full 0):
 garbage-first heap   total 65536K, used 26624K [0x00000000fc000000, 0x0000000100000000)
  region size 1024K, 23 young (23552K), 0 survivors (0K)
 Metaspace       used 3823K, committed 3968K, reserved 1114112K
  class space    used 482K, committed 576K, reserved 1048576K
}
Event: 4.457 GC heap after
{Heap after GC invocations=1 (full 0):
 garbage-first heap   total 65536K, used 10240K [0x00000000fc000000, 0x0000000100000000)
  region size 1024K, 3 young (3072K), 3 survivors (3072K)
 Metaspace       used 3823K, committed 3968K, reserved 1114112K
  class space    used 482K, committed 576K, reserved 1048576K
}

Deoptimization events (20 events):
Event: 6.601 Thread 0x000002022deba350 DEOPT PACKING pc=0x000002023ea859a4 sp=0x000000693d7fc4f0
Event: 6.601 Thread 0x000002022deba350 DEOPT UNPACKING pc=0x000002023e4f23a3 sp=0x000000693d7fc4c8 mode 2
Event: 241.595 Thread 0x000002022deba350 DEOPT PACKING pc=0x000002023725ea35 sp=0x000000693d7fc1f0
Event: 241.596 Thread 0x000002022deba350 DEOPT UNPACKING pc=0x000002023e4f2b43 sp=0x000000693d7fb688 mode 0
Event: 249.599 Thread 0x000002022deba350 Uncommon trap: trap_request=0xffffff45 fr.pc=0x000002023eade564 relative=0x00000000000001c4
Event: 249.599 Thread 0x000002022deba350 Uncommon trap: reason=unstable_if action=reinterpret pc=0x000002023eade564 method=com.esotericsoftware.kryo.io.Input.require(I)I @ 65 c2
Event: 249.599 Thread 0x000002022deba350 DEOPT PACKING pc=0x000002023eade564 sp=0x000000693d7fc330
Event: 249.599 Thread 0x000002022deba350 DEOPT UNPACKING pc=0x000002023e4f23a3 sp=0x000000693d7fc2e0 mode 2
Event: 250.356 Thread 0x000002022deba350 Uncommon trap: trap_request=0xffffff45 fr.pc=0x000002023eae495c relative=0x000000000000053c
Event: 250.356 Thread 0x000002022deba350 Uncommon trap: reason=unstable_if action=reinterpret pc=0x000002023eae495c method=com.esotericsoftware.kryo.io.Input.readUtf8(I)V @ 79 c2
Event: 250.356 Thread 0x000002022deba350 DEOPT PACKING pc=0x000002023eae495c sp=0x000000693d7fc310
Event: 250.356 Thread 0x000002022deba350 DEOPT UNPACKING pc=0x000002023e4f23a3 sp=0x000000693d7fc2a8 mode 2
Event: 277.325 Thread 0x000002028f4c0640 Uncommon trap: trap_request=0xffffff45 fr.pc=0x000002023eaf472c relative=0x00000000000073cc
Event: 277.325 Thread 0x000002028f4c0640 Uncommon trap: reason=unstable_if action=reinterpret pc=0x000002023eaf472c method=org.gradle.internal.logging.console.ProgressBar.formatProgress(ZJ)Ljava/util/List; @ 264 c2
Event: 277.325 Thread 0x000002028f4c0640 DEOPT PACKING pc=0x000002023eaf472c sp=0x000000693eafedd0
Event: 277.325 Thread 0x000002028f4c0640 DEOPT UNPACKING pc=0x000002023e4f23a3 sp=0x000000693eafecb0 mode 2
Event: 278.270 Thread 0x000002022deba350 DEOPT PACKING pc=0x00000202372d1eb5 sp=0x000000693d7fc1c0
Event: 278.270 Thread 0x000002022deba350 DEOPT UNPACKING pc=0x000002023e4f2b43 sp=0x000000693d7fb658 mode 0
Event: 278.310 Thread 0x000002028f4c0640 DEOPT PACKING pc=0x0000020237247c03 sp=0x000000693eafe0c0
Event: 278.310 Thread 0x000002028f4c0640 DEOPT UNPACKING pc=0x000002023e4f2b43 sp=0x000000693eafd530 mode 0

Classes unloaded (0 events):
No events

Classes redefined (0 events):
No events

Internal exceptions (18 events):
Event: 0.714 Thread 0x000002022deba350 Exception <a 'java/lang/NoSuchMethodError'{0x00000000ffc654d8}: 'int java.lang.invoke.DirectMethodHandle$Holder.invokeStaticInit(java.lang.Object, java.lang.Object)'> (0x00000000ffc654d8) 
thrown [s\open\src\hotspot\share\interpreter\linkResolver.cpp, line 759]
Event: 4.086 Thread 0x000002022deba350 Exception <a 'java/lang/NoSuchMethodError'{0x00000000fea05fd8}: 'void java.lang.invoke.DirectMethodHandle$Holder.invokeStatic(java.lang.Object, java.lang.Object)'> (0x00000000fea05fd8) 
thrown [s\open\src\hotspot\share\interpreter\linkResolver.cpp, line 759]
Event: 4.216 Thread 0x000002022deba350 Exception <a 'java/lang/NoClassDefFoundError'{0x00000000fea8ddd8}: org/slf4j/impl/StaticMarkerBinder> (0x00000000fea8ddd8) 
thrown [s\open\src\hotspot\share\classfile\systemDictionary.cpp, line 245]
Event: 4.314 Thread 0x000002022deba350 Exception <a 'java/lang/NoSuchMethodError'{0x00000000fe92c1a0}: 'java.lang.Object java.lang.invoke.DirectMethodHandle$Holder.invokeVirtual(java.lang.Object, java.lang.Object, java.lang.Object, java.lang.Object, java.lang.Object, java.lang.Object, java.lang.Object)'> (0x00000000fe92c1a0) 
thrown [s\open\src\hotspot\share\interpreter\linkResolver.cpp, line 759]
Event: 4.321 Thread 0x000002022deba350 Exception <a 'java/lang/NoSuchMethodError'{0x00000000fe93d820}: 'java.lang.Object java.lang.invoke.Invokers$Holder.invoker(java.lang.Object, java.lang.Object, java.lang.Object)'> (0x00000000fe93d820) 
thrown [s\open\src\hotspot\share\interpreter\linkResolver.cpp, line 759]
Event: 4.328 Thread 0x000002022deba350 Exception <a 'java/lang/NoSuchMethodError'{0x00000000fe9468f0}: 'java.lang.Object java.lang.invoke.DirectMethodHandle$Holder.invokeStatic(java.lang.Object, java.lang.Object, int)'> (0x00000000fe9468f0) 
thrown [s\open\src\hotspot\share\interpreter\linkResolver.cpp, line 759]
Event: 4.332 Thread 0x000002022deba350 Exception <a 'java/lang/NoSuchMethodError'{0x00000000fe9525e0}: 'void java.lang.invoke.DelegatingMethodHandle$Holder.delegate(java.lang.Object, java.lang.Object, int, java.lang.Object)'> (0x00000000fe9525e0) 
thrown [s\open\src\hotspot\share\interpreter\linkResolver.cpp, line 759]
Event: 4.334 Thread 0x000002022deba350 Exception <a 'java/lang/NoSuchMethodError'{0x00000000fe956728}: 'int java.lang.invoke.DirectMethodHandle$Holder.invokeSpecial(java.lang.Object, java.lang.Object, java.lang.Object)'> (0x00000000fe956728) 
thrown [s\open\src\hotspot\share\interpreter\linkResolver.cpp, line 759]
Event: 4.353 Thread 0x000002022deba350 Exception <a 'java/lang/NoSuchMethodError'{0x00000000fe969870}: 'java.lang.Object java.lang.invoke.Invokers$Holder.invokeExact_MT(java.lang.Object, java.lang.Object, java.lang.Object, java.lang.Object)'> (0x00000000fe969870) 
thrown [s\open\src\hotspot\share\interpreter\linkResolver.cpp, line 759]
Event: 5.238 Thread 0x000002022deba350 Exception <a 'java/lang/NoSuchMethodError'{0x00000000ffa803c0}: 'void java.lang.invoke.DirectMethodHandle$Holder.invokeSpecial(java.lang.Object, java.lang.Object, java.lang.Object)'> (0x00000000ffa803c0) 
thrown [s\open\src\hotspot\share\interpreter\linkResolver.cpp, line 759]
Event: 5.283 Thread 0x000002022deba350 Implicit null exception at 0x000002023ea89c8f to 0x000002023ea8a22c
Event: 5.283 Thread 0x000002022deba350 Implicit null exception at 0x000002023ea7b18f to 0x000002023ea7b74c
Event: 5.505 Thread 0x000002022deba350 Exception <a 'java/lang/NoSuchMethodError'{0x00000000ff803ab8}: 'java.lang.Object java.lang.invoke.DirectMethodHandle$Holder.invokeStaticInit(java.lang.Object)'> (0x00000000ff803ab8) 
thrown [s\open\src\hotspot\share\interpreter\linkResolver.cpp, line 759]
Event: 5.614 Thread 0x000002022deba350 Implicit null exception at 0x000002023ea75772 to 0x000002023ea75d8c
Event: 5.877 Thread 0x000002022deba350 Exception <a 'java/lang/NoSuchMethodError'{0x00000000ff5e2a60}: 'java.lang.Object java.lang.invoke.DirectMethodHandle$Holder.invokeStaticInit(java.lang.Object, int, int, int, int)'> (0x00000000ff5e2a60) 
thrown [s\open\src\hotspot\share\interpreter\linkResolver.cpp, line 759]
Event: 6.134 Thread 0x000002022deba350 Exception <a 'java/lang/NoSuchMethodError'{0x00000000ff4a1b80}: 'java.lang.Object java.lang.invoke.DirectMethodHandle$Holder.invokeStaticInit(java.lang.Object, java.lang.Object, int, int, int, int)'> (0x00000000ff4a1b80) 
thrown [s\open\src\hotspot\share\interpreter\linkResolver.cpp, line 759]
Event: 6.536 Thread 0x000002022deba350 Exception <a 'java/lang/NoSuchMethodError'{0x00000000ff4ce7a8}: 'void java.lang.invoke.DirectMethodHandle$Holder.invokeStatic(java.lang.Object, java.lang.Object, java.lang.Object)'> (0x00000000ff4ce7a8) 
thrown [s\open\src\hotspot\share\interpreter\linkResolver.cpp, line 759]
Event: 6.601 Thread 0x000002022deba350 Implicit null exception at 0x000002023ea85372 to 0x000002023ea8598c

VM Operations (20 events):
Event: 241.848 Executing VM operation: Cleanup
Event: 241.848 Executing VM operation: Cleanup done
Event: 243.867 Executing VM operation: Cleanup
Event: 243.867 Executing VM operation: Cleanup done
Event: 244.876 Executing VM operation: Cleanup
Event: 244.876 Executing VM operation: Cleanup done
Event: 245.883 Executing VM operation: Cleanup
Event: 245.883 Executing VM operation: Cleanup done
Event: 246.892 Executing VM operation: Cleanup
Event: 246.892 Executing VM operation: Cleanup done
Event: 247.892 Executing VM operation: Cleanup
Event: 247.892 Executing VM operation: Cleanup done
Event: 248.901 Executing VM operation: Cleanup
Event: 248.901 Executing VM operation: Cleanup done
Event: 249.903 Executing VM operation: Cleanup
Event: 249.904 Executing VM operation: Cleanup done
Event: 275.076 Executing VM operation: Cleanup
Event: 275.076 Executing VM operation: Cleanup done
Event: 278.099 Executing VM operation: Cleanup
Event: 278.100 Executing VM operation: Cleanup done

Events (20 events):
Event: 63.409 loading class jdk/internal/reflect/ByteVectorImpl
Event: 63.410 loading class jdk/internal/reflect/ByteVector
Event: 63.410 loading class jdk/internal/reflect/ByteVector done
Event: 63.410 loading class jdk/internal/reflect/ByteVectorImpl done
Event: 63.411 loading class jdk/internal/reflect/ClassFileAssembler
Event: 63.413 loading class jdk/internal/reflect/ClassFileAssembler done
Event: 63.413 loading class jdk/internal/reflect/UTF8
Event: 63.414 loading class jdk/internal/reflect/UTF8 done
Event: 63.424 loading class jdk/internal/reflect/Label
Event: 63.425 loading class jdk/internal/reflect/Label done
Event: 63.425 loading class jdk/internal/reflect/Label$PatchInfo
Event: 63.425 loading class jdk/internal/reflect/Label$PatchInfo done
Event: 63.426 loading class jdk/internal/reflect/MethodAccessorGenerator$1
Event: 63.427 loading class jdk/internal/reflect/MethodAccessorGenerator$1 done
Event: 63.427 loading class jdk/internal/reflect/ClassDefiner
Event: 63.431 loading class jdk/internal/reflect/ClassDefiner done
Event: 63.431 loading class jdk/internal/reflect/ClassDefiner$1
Event: 63.432 loading class jdk/internal/reflect/ClassDefiner$1 done
Event: 131.980 loading class java/util/ArrayList$ListItr
Event: 131.991 loading class java/util/ArrayList$ListItr done


Dynamic libraries:
0x00007ff7f6e50000 - 0x00007ff7f6e60000 	C:\Program Files\Java\jdk-17\bin\java.exe
0x00007ffe95ed0000 - 0x00007ffe960c8000 	C:\WINDOWS\SYSTEM32\ntdll.dll
0x00007ffe94e20000 - 0x00007ffe94edd000 	C:\WINDOWS\System32\KERNEL32.DLL
0x00007ffe93580000 - 0x00007ffe93876000 	C:\WINDOWS\System32\KERNELBASE.dll
0x00007ffe93c10000 - 0x00007ffe93d10000 	C:\WINDOWS\System32\ucrtbase.dll
0x00007ffe5efb0000 - 0x00007ffe5efcb000 	C:\Program Files\Java\jdk-17\bin\VCRUNTIME140.dll
0x00007ffe5e9a0000 - 0x00007ffe5e9b9000 	C:\Program Files\Java\jdk-17\bin\jli.dll
0x00007ffe95010000 - 0x00007ffe950c0000 	C:\WINDOWS\System32\ADVAPI32.dll
0x00007ffe94f70000 - 0x00007ffe9500e000 	C:\WINDOWS\System32\msvcrt.dll
0x00007ffe95980000 - 0x00007ffe95a20000 	C:\WINDOWS\System32\sechost.dll
0x00007ffe95b60000 - 0x00007ffe95c83000 	C:\WINDOWS\System32\RPCRT4.dll
0x00007ffe93be0000 - 0x00007ffe93c07000 	C:\WINDOWS\System32\bcrypt.dll
0x00007ffe95c90000 - 0x00007ffe95e2f000 	C:\WINDOWS\System32\USER32.dll
0x00007ffe93e30000 - 0x00007ffe93e52000 	C:\WINDOWS\System32\win32u.dll
0x00007ffe6db20000 - 0x00007ffe6ddba000 	C:\WINDOWS\WinSxS\amd64_microsoft.windows.common-controls_6595b64144ccf1df_6.0.19041.3636_none_60b6a03d71f818d5\COMCTL32.dll
0x00007ffe94cd0000 - 0x00007ffe94cfb000 	C:\WINDOWS\System32\GDI32.dll
0x00007ffe93880000 - 0x00007ffe93997000 	C:\WINDOWS\System32\gdi32full.dll
0x00007ffe93e60000 - 0x00007ffe93efd000 	C:\WINDOWS\System32\msvcp_win.dll
0x00007ffe88280000 - 0x00007ffe8828a000 	C:\WINDOWS\SYSTEM32\VERSION.dll
0x00007ffe94180000 - 0x00007ffe941b2000 	C:\WINDOWS\System32\IMM32.DLL
0x00007ffe7ea10000 - 0x00007ffe7ea1c000 	C:\Program Files\Java\jdk-17\bin\vcruntime140_1.dll
0x00007ffe52cc0000 - 0x00007ffe52d4e000 	C:\Program Files\Java\jdk-17\bin\msvcp140.dll
0x00007ffe33660000 - 0x00007ffe3423f000 	C:\Program Files\Java\jdk-17\bin\server\jvm.dll
0x00007ffe95b50000 - 0x00007ffe95b58000 	C:\WINDOWS\System32\PSAPI.DLL
0x00007ffe75740000 - 0x00007ffe75749000 	C:\WINDOWS\SYSTEM32\WSOCK32.dll
0x00007ffe94d00000 - 0x00007ffe94d6b000 	C:\WINDOWS\System32\WS2_32.dll
0x00007ffe90eb0000 - 0x00007ffe90ed7000 	C:\WINDOWS\SYSTEM32\WINMM.dll
0x00007ffe91d60000 - 0x00007ffe91d72000 	C:\WINDOWS\SYSTEM32\kernel.appcore.dll
0x00007ffe7d350000 - 0x00007ffe7d35a000 	C:\Program Files\Java\jdk-17\bin\jimage.dll
0x00007ffe919f0000 - 0x00007ffe91bd4000 	C:\WINDOWS\SYSTEM32\DBGHELP.DLL
0x00007ffe90e70000 - 0x00007ffe90ea4000 	C:\WINDOWS\SYSTEM32\dbgcore.DLL
0x00007ffe93b00000 - 0x00007ffe93b82000 	C:\WINDOWS\System32\bcryptPrimitives.dll
0x00007ffe5ccd0000 - 0x00007ffe5ccf5000 	C:\Program Files\Java\jdk-17\bin\java.dll
0x00007ffe500e0000 - 0x00007ffe501b7000 	C:\Program Files\Java\jdk-17\bin\jsvml.dll
0x00007ffe95190000 - 0x00007ffe958fb000 	C:\WINDOWS\System32\SHELL32.dll
0x00007ffe91130000 - 0x00007ffe918ce000 	C:\WINDOWS\SYSTEM32\windows.storage.dll
0x00007ffe94970000 - 0x00007ffe94cc3000 	C:\WINDOWS\System32\combase.dll
0x00007ffe92fb0000 - 0x00007ffe92fde000 	C:\WINDOWS\SYSTEM32\Wldp.dll
0x00007ffe950c0000 - 0x00007ffe9518d000 	C:\WINDOWS\System32\OLEAUT32.dll
0x00007ffe94d70000 - 0x00007ffe94e1d000 	C:\WINDOWS\System32\SHCORE.dll
0x00007ffe95920000 - 0x00007ffe95975000 	C:\WINDOWS\System32\shlwapi.dll
0x00007ffe934b0000 - 0x00007ffe934d3000 	C:\WINDOWS\SYSTEM32\profapi.dll
0x00007ffe5d440000 - 0x00007ffe5d459000 	C:\Program Files\Java\jdk-17\bin\net.dll
0x00007ffe8a660000 - 0x00007ffe8a76a000 	C:\WINDOWS\SYSTEM32\WINHTTP.dll
0x00007ffe92d10000 - 0x00007ffe92d7a000 	C:\WINDOWS\system32\mswsock.dll
0x00007ffe5ca50000 - 0x00007ffe5ca66000 	C:\Program Files\Java\jdk-17\bin\nio.dll
0x00007ffe5c4f0000 - 0x00007ffe5c508000 	C:\Program Files\Java\jdk-17\bin\zip.dll
0x00007ffe74b20000 - 0x00007ffe74b30000 	C:\Program Files\Java\jdk-17\bin\verify.dll
0x00007ffe6e0b0000 - 0x00007ffe6e0d7000 	C:\Users\Ron Michael\.gradle\native\68d5fa5c4cc2d200863cafc0d521ce42e7d3e7ee720ec0a83991735586a16f82\windows-amd64\native-platform.dll
0x00007ffe8b5c0000 - 0x00007ffe8b5ca000 	C:\Users\Ron Michael\.gradle\native\jansi\1.18\windows64\jansi.dll
0x00007ffe6e040000 - 0x00007ffe6e04a000 	C:\Program Files\Java\jdk-17\bin\management.dll
0x00007ffe685a0000 - 0x00007ffe685ab000 	C:\Program Files\Java\jdk-17\bin\management_ext.dll
0x00007ffe92f00000 - 0x00007ffe92f18000 	C:\WINDOWS\SYSTEM32\CRYPTSP.dll
0x00007ffe92590000 - 0x00007ffe925c4000 	C:\WINDOWS\system32\rsaenh.dll
0x00007ffe93430000 - 0x00007ffe9345e000 	C:\WINDOWS\SYSTEM32\USERENV.dll
0x00007ffe92f20000 - 0x00007ffe92f2c000 	C:\WINDOWS\SYSTEM32\CRYPTBASE.dll
0x00007ffe929a0000 - 0x00007ffe929db000 	C:\WINDOWS\SYSTEM32\IPHLPAPI.DLL
0x00007ffe95a20000 - 0x00007ffe95a28000 	C:\WINDOWS\System32\NSI.dll
0x00007ffe877c0000 - 0x00007ffe877d7000 	C:\WINDOWS\SYSTEM32\dhcpcsvc6.DLL
0x00007ffe87840000 - 0x00007ffe8785d000 	C:\WINDOWS\SYSTEM32\dhcpcsvc.DLL
0x00007ffe929f0000 - 0x00007ffe92abb000 	C:\WINDOWS\SYSTEM32\DNSAPI.dll
0x00007ffe648f0000 - 0x00007ffe648fe000 	C:\Program Files\Java\jdk-17\bin\sunmscapi.dll
0x00007ffe939a0000 - 0x00007ffe93afe000 	C:\WINDOWS\System32\CRYPT32.dll
0x00007ffe93020000 - 0x00007ffe93048000 	C:\WINDOWS\SYSTEM32\ncrypt.dll
0x00007ffe92fe0000 - 0x00007ffe9301b000 	C:\WINDOWS\SYSTEM32\NTASN1.dll
0x00007ffe16640000 - 0x00007ffe16647000 	C:\WINDOWS\system32\wshunix.dll

dbghelp: loaded successfully - version: 4.0.5 - missing functions: none
symbol engine: initialized successfully - sym options: 0x614 - pdb path: .;C:\Program Files\Java\jdk-17\bin;C:\WINDOWS\SYSTEM32;C:\WINDOWS\WinSxS\amd64_microsoft.windows.common-controls_6595b64144ccf1df_6.0.19041.3636_none_60b6a03d71f818d5;C:\Program Files\Java\jdk-17\bin\server;C:\Users\Ron Michael\.gradle\native\68d5fa5c4cc2d200863cafc0d521ce42e7d3e7ee720ec0a83991735586a16f82\windows-amd64;C:\Users\Ron Michael\.gradle\native\jansi\1.18\windows64

VM Arguments:
jvm_args: -Xmx64m -Xms64m -Dorg.gradle.appname=gradlew 
java_command: org.gradle.wrapper.GradleWrapperMain app:assembleDebug -x lint -x test --configure-on-demand --build-cache -PreactNativeDevServerPort=8081
java_class_path (initial): D:\THESIS-RES\frontend\android\\gradle\wrapper\gradle-wrapper.jar
Launcher Type: SUN_STANDARD

[Global flags]
     intx CICompilerCount                          = 4                                         {product} {ergonomic}
     uint ConcGCThreads                            = 2                                         {product} {ergonomic}
     uint G1ConcRefinementThreads                  = 8                                         {product} {ergonomic}
   size_t G1HeapRegionSize                         = 1048576                                   {product} {ergonomic}
    uintx GCDrainStackTargetSize                   = 64                                        {product} {ergonomic}
   size_t InitialHeapSize                          = 67108864                                  {product} {command line}
   size_t MarkStackSize                            = 4194304                                   {product} {ergonomic}
   size_t MaxHeapSize                              = 67108864                                  {product} {command line}
   size_t MaxNewSize                               = 39845888                                  {product} {ergonomic}
   size_t MinHeapDeltaBytes                        = 1048576                                   {product} {ergonomic}
   size_t MinHeapSize                              = 67108864                                  {product} {command line}
    uintx NonNMethodCodeHeapSize                   = 5839372                                {pd product} {ergonomic}
    uintx NonProfiledCodeHeapSize                  = 122909434                              {pd product} {ergonomic}
    uintx ProfiledCodeHeapSize                     = 122909434                              {pd product} {ergonomic}
    uintx ReservedCodeCacheSize                    = 251658240                              {pd product} {ergonomic}
     bool SegmentedCodeCache                       = true                                      {product} {ergonomic}
   size_t SoftMaxHeapSize                          = 67108864                               {manageable} {ergonomic}
     bool UseCompressedClassPointers               = true                           {product lp64_product} {ergonomic}
     bool UseCompressedOops                        = true                           {product lp64_product} {ergonomic}
     bool UseG1GC                                  = true                                      {product} {ergonomic}
     bool UseLargePagesIndividualAllocation        = false                                  {pd product} {ergonomic}

Logging:
Log output configuration:
 #0: stdout all=warning uptime,level,tags
 #1: stderr all=off uptime,level,tags

Environment Variables:
JAVA_HOME=C:\Program Files\Java\jdk-17
CLASSPATH=D:\THESIS-RES\frontend\android\\gradle\wrapper\gradle-wrapper.jar
PATH=D:\THESIS-RES\frontend\node_modules\.bin;D:\THESIS-RES\node_modules\.bin;D:\node_modules\.bin;C:\Program Files\nodejs\node_modules\npm\node_modules\@npmcli\run-script\lib\node-gyp-bin;C:\Program Files\Java\jdk-17\bin;C:\Program Files\Common Files\Oracle\Java\javapath;C:\Windows\system32;C:\Windows;C:\Windows\System32\Wbem;C:\Windows\System32\WindowsPowerShell\v1.0\;C:\Windows\System32\OpenSSH\;C:\Program Files\Intel\WiFi\bin\;C:\Program Files\Common Files\Intel\WirelessCommon\;C:\WINDOWS\system32;C:\WINDOWS;C:\WINDOWS\System32\Wbem;C:\WINDOWS\System32\WindowsPowerShell\v1.0\;C:\WINDOWS\System32\OpenSSH\;C:\Program Files\PuTTY\;C:\Program Files\nodejs\;C:\xampp\php;C:\ProgramData\ComposerSetup\bin;C:\Program Files\dotnet\;C:\Program Files (x86)\Microsoft SQL Server\160\Tools\Binn\;C:\Program Files\Microsoft SQL Server\160\Tools\Binn\;C:\Program Files\Microsoft SQL Server\Client SDK\ODBC\170\Tools\Binn\;C:\Program Files\Microsoft SQL Server\160\DTS\Binn\;C:\Program Files (x86)\Microsoft SQL Server\160\DTS\Binn\;C:\Program Files\Azure Data Studio\bin;C:\Program Files\Git\cmd;C:\Users\Ron Michael\AppData\Local\Microsoft\WindowsApps;;C:\Users\Ron Michael\AppData\Local\Programs\Microsoft VS Code\bin;C:\Users\Ron Michael\AppData\Roaming\npm;C:\Program Files\Azure Data Studio\bin;D:\THESIS-RES\frontend\node_modules\.bin
USERNAME=Ron Michael
LANG=en_US.UTF-8
OS=Windows_NT
PROCESSOR_IDENTIFIER=Intel64 Family 6 Model 158 Stepping 10, GenuineIntel



---------------  S Y S T E M  ---------------

OS:
 Windows 10 , 64 bit Build 19041 (10.0.19041.3636)
OS uptime: 2 days 7:30 hours
Hyper-V role detected

CPU: total 8 (initial active 8) (4 cores per cpu, 2 threads per core) family 6 model 158 stepping 10 microcode 0xde, cx8, cmov, fxsr, ht, mmx, 3dnowpref, sse, sse2, sse3, ssse3, sse4.1, sse4.2, popcnt, lzcnt, tsc, tscinvbit, avx, avx2, aes, erms, clmul, bmi1, bmi2, adx, fma, vzeroupper, clflush, clflushopt, hv

Memory: 4k page, system-wide physical 7973M (423M free)
TotalPageFile size 32549M (AvailPageFile size 8M)
current process WorkingSet (physical memory assigned to process): 26M, peak: 88M
current process commit charge ("private bytes"): 168M, peak: 188M

vm_info: Java HotSpot(TM) 64-Bit Server VM (17.0.10+11-LTS-240) for windows-amd64 JRE (17.0.10+11-LTS-240), built on Dec 19 2023 21:47:25 by "mach5one" with MS VC++ 17.1 (VS2022)

END.
